Using pre-set license
Built from '2020.3/release' branch; Version is '2020.3.12f1 (b3b2c6512326) revision 11776710'; Using compiler version '192528614'; Build Type 'Release'
OS: 'Windows 10 Home; OS build 19045.3570; Version 2009; 64bit' Language: 'en' Physical Memory: 8099 MB
BatchMode: 1, IsHumanControllingUs: 0, StartBugReporterOnCrash: 0, Is64bit: 1, IsPro: 0

 COMMAND LINE ARGUMENTS:
C:\Program Files\Unity\Hub\Editor\2020.3.12f1\Editor\Unity.exe
-adb2
-batchMode
-noUpm
-name
AssetImportWorker0
-projectPath
C:/Users/jar09/Downloads/Run! Run! Run!/Run! Run! Run!
-logFile
Logs/AssetImportWorker0.log
-srvPort
52878
Successfully changed project path to: C:/Users/jar09/Downloads/Run! Run! Run!/Run! Run! Run!
C:/Users/jar09/Downloads/Run! Run! Run!/Run! Run! Run!
Using Asset Import Pipeline V2.
Refreshing native plugins compatible for Editor in 44.10 ms, found 2 plugins.
Preloading 0 native plugins for Editor in 0.00 ms.
Initialize engine version: 2020.3.12f1 (b3b2c6512326)
[Subsystems] Discovering subsystems at path C:/Program Files/Unity/Hub/Editor/2020.3.12f1/Editor/Data/Resources/UnitySubsystems
[Subsystems] Discovering subsystems at path C:/Users/jar09/Downloads/Run! Run! Run!/Run! Run! Run!/Assets
GfxDevice: creating device client; threaded=0
Direct3D:
    Version:  Direct3D 11.0 [level 11.1]
    Renderer: NVIDIA GeForce GTX 1650 Ti (ID=0x1f95)
    Vendor:   
    VRAM:     3950 MB
    Driver:   31.0.15.4601
Initialize mono
Mono path[0] = 'C:/Program Files/Unity/Hub/Editor/2020.3.12f1/Editor/Data/Managed'
Mono path[1] = 'C:/Program Files/Unity/Hub/Editor/2020.3.12f1/Editor/Data/MonoBleedingEdge/lib/mono/unityjit'
Mono config path = 'C:/Program Files/Unity/Hub/Editor/2020.3.12f1/Editor/Data/MonoBleedingEdge/etc'
Using monoOptions --debugger-agent=transport=dt_socket,embedding=1,server=y,suspend=n,address=127.0.0.1:56556
Begin MonoManager ReloadAssembly
Registering precompiled unity dll's ...
Register platform support module: C:/Program Files/Unity/Hub/Editor/2020.3.12f1/Editor/Data/PlaybackEngines/WindowsStandaloneSupport/UnityEditor.WindowsStandalone.Extensions.dll
Registered in 0.005280 seconds.
Native extension for WindowsStandalone target not found
Refreshing native plugins compatible for Editor in 38.62 ms, found 2 plugins.
Preloading 0 native plugins for Editor in 0.00 ms.
Mono: successfully reloaded assembly
- Completed reload, in  5.646 seconds
Platform modules already initialized, skipping
Registering precompiled user dll's ...
Registered in 0.018821 seconds.
Begin MonoManager ReloadAssembly
Native extension for WindowsStandalone target not found
Refreshing native plugins compatible for Editor in 37.18 ms, found 2 plugins.
Preloading 0 native plugins for Editor in 0.00 ms.
Mono: successfully reloaded assembly
- Completed reload, in  1.278 seconds
Platform modules already initialized, skipping
========================================================================
Worker process is ready to serve import requests
Launched and connected shader compiler UnityShaderCompiler.exe after 0.05 seconds
Refreshing native plugins compatible for Editor in 0.73 ms, found 2 plugins.
Preloading 0 native plugins for Editor in 0.00 ms.
Unloading 1654 Unused Serialized files (Serialized files now loaded: 0)
System memory in use before: 117.6 MB.
System memory in use after: 117.5 MB.

Unloading 32 unused Assets to reduce memory usage. Loaded Objects now: 2123.
Total: 3.275900 ms (FindLiveObjects: 0.312400 ms CreateObjectMapping: 0.150400 ms MarkObjects: 2.440600 ms  DeleteObjects: 0.371000 ms)

AssetImportParameters requested are different than current active one (requested -> active):
  custom:framework-win-MediaFoundation: 216162199b28c13a410421893ffa2e32 -> 
  custom:video-decoder-ogg-theora: a1e56fd34408186e4bbccfd4996cb3dc -> 
  custom:container-muxer-webm: aa71ff27fc2769a1b78a27578f13a17b -> 
  custom:container-demuxer-webm: 4f35f7cbe854078d1ac9338744f61a02 -> 
  custom:container-demuxer-ogg: 62fdf1f143b41e24485cea50d1cbac27 -> 
  custom:video-encoder-webm-vp8: eb34c28f22e8b96e1ab97ce403110664 -> 
  custom:video-codec-MediaFoundation-h265: 746d11721c4dcdbdad8f713fa42b33f4 -> 
  custom:video-decoder-webm-vp8: 9c59270c3fd7afecdb556c50c9e8de78 -> 
  custom:audio-decoder-ogg-vorbis: bf7c407c2cedff20999df2af8eb42d56 -> 
  custom:audio-encoder-webm-vorbis: bf7c407c2cedff20999df2af8eb42d56 -> 
========================================================================
Received Import Request.
  path: Assets/Scenes/TESTING.unity
  artifactKey: Guid(234044123e4516548891aa78b766afad) Importer(815301076,1909f56bfc062723c751e8b465ee728b)
Start importing Assets/Scenes/TESTING.unity using Guid(234044123e4516548891aa78b766afad) Importer(815301076,1909f56bfc062723c751e8b465ee728b)  -> (artifact id: '2193e9e9bf230543caa73348b3aedcb9') in 0.024881 seconds 
  Import took 0.029225 seconds .

========================================================================
Received Import Request.
  Time since last request: 29.089230 seconds.
  path: Assets/Assets/Models/Creature_Monsters_X/Monster_X.controller
  artifactKey: Guid(c93855a59935d814ea0ea724f8bc6133) Importer(815301076,1909f56bfc062723c751e8b465ee728b)
Start importing Assets/Assets/Models/Creature_Monsters_X/Monster_X.controller using Guid(c93855a59935d814ea0ea724f8bc6133) Importer(815301076,1909f56bfc062723c751e8b465ee728b)  -> (artifact id: 'b1b3ed637b72ab5578a733997ec3acd9') in 0.160565 seconds 
  Import took 0.165609 seconds .

========================================================================
Received Import Request.
  Time since last request: 160.878263 seconds.
  path: Assets/Scenes/TESTING.unity
  artifactKey: Guid(234044123e4516548891aa78b766afad) Importer(815301076,1909f56bfc062723c751e8b465ee728b)
Start importing Assets/Scenes/TESTING.unity using Guid(234044123e4516548891aa78b766afad) Importer(815301076,1909f56bfc062723c751e8b465ee728b)  -> (artifact id: 'cfef2579b4714934b69d5a3d2933625f') in 0.042235 seconds 
  Import took 0.047008 seconds .

========================================================================
Received Prepare
Registering precompiled user dll's ...
Registered in 0.040796 seconds.
Begin MonoManager ReloadAssembly
Native extension for WindowsStandalone target not found
Refreshing native plugins compatible for Editor in 0.41 ms, found 2 plugins.
Preloading 0 native plugins for Editor in 0.00 ms.
Mono: successfully reloaded assembly
- Completed reload, in  1.143 seconds
Platform modules already initialized, skipping
Refreshing native plugins compatible for Editor in 0.43 ms, found 2 plugins.
Preloading 0 native plugins for Editor in 0.00 ms.
Unloading 1591 Unused Serialized files (Serialized files now loaded: 0)
System memory in use before: 112.0 MB.
System memory in use after: 111.9 MB.

Unloading 17 unused Assets to reduce memory usage. Loaded Objects now: 2126.
Total: 1.916000 ms (FindLiveObjects: 0.161600 ms CreateObjectMapping: 0.049900 ms MarkObjects: 1.485400 ms  DeleteObjects: 0.218100 ms)

AssetImportParameters requested are different than current active one (requested -> active):
  custom:framework-win-MediaFoundation: 216162199b28c13a410421893ffa2e32 -> 
  custom:video-decoder-ogg-theora: a1e56fd34408186e4bbccfd4996cb3dc -> 
  custom:container-muxer-webm: aa71ff27fc2769a1b78a27578f13a17b -> 
  custom:container-demuxer-webm: 4f35f7cbe854078d1ac9338744f61a02 -> 
  custom:container-demuxer-ogg: 62fdf1f143b41e24485cea50d1cbac27 -> 
  custom:video-encoder-webm-vp8: eb34c28f22e8b96e1ab97ce403110664 -> 
  custom:video-codec-MediaFoundation-h265: 746d11721c4dcdbdad8f713fa42b33f4 -> 
  custom:video-decoder-webm-vp8: 9c59270c3fd7afecdb556c50c9e8de78 -> 
  custom:audio-decoder-ogg-vorbis: bf7c407c2cedff20999df2af8eb42d56 -> 
  custom:audio-encoder-webm-vorbis: bf7c407c2cedff20999df2af8eb42d56 -> 
========================================================================
Received Import Request.
  Time since last request: 459.868976 seconds.
  path: Assets/Materials/GreenGrass.mat
  artifactKey: Guid(78a298d3ad90cd446b7396c9252d5e4e) Importer(815301076,1909f56bfc062723c751e8b465ee728b)
Start importing Assets/Materials/GreenGrass.mat using Guid(78a298d3ad90cd446b7396c9252d5e4e) Importer(815301076,1909f56bfc062723c751e8b465ee728b)  -> (artifact id: '7ac216f6abe1ffc1d4801663d2ccff33') in 0.125633 seconds 
  Import took 0.129614 seconds .

AssetImportWorkerClient::OnTransportError - code=2 error=End of file
